Using pre-set license

 COMMAND LINE ARGUMENTS:
/Applications/Unity/Hub/Editor/2020.2.2f1/Unity.app/Contents/MacOS/Unity
-adb2
-batchMode
-noUpm
-name
AssetImportWorker0
-projectPath
/Users/mobiusteapot/Documents/Programming/gitRepo/ProjectEntropy/Project Entropy
-logFile
Logs/AssetImportWorker0.log
-srvPort
64345
Successfully changed project path to: /Users/mobiusteapot/Documents/Programming/gitRepo/ProjectEntropy/Project Entropy
/Users/mobiusteapot/Documents/Programming/gitRepo/ProjectEntropy/Project Entropy
Using Asset Import Pipeline V2.
Refreshing native plugins compatible for Editor in 58.64 ms, found 2 plugins.
Preloading 0 native plugins for Editor in 0.00 ms.
Initialize engine version: 2020.2.2f1 (068178b99f32)
[Subsystems] Discovering subsystems at path /Applications/Unity/Hub/Editor/2020.2.2f1/Unity.app/Contents/Resources/UnitySubsystems
[Subsystems] Discovering subsystems at path /Users/mobiusteapot/Documents/Programming/gitRepo/ProjectEntropy/Project Entropy/Assets
GfxDevice: creating device client; threaded=0
2021-03-18 16:58:39.035 Unity[57549:538268] (null) preferred device: Apple M1 (high power)
2021-03-18 16:58:39.035 Unity[57549:538268] Metal devices available: 1
2021-03-18 16:58:39.035 Unity[57549:538268] 0: Apple M1 (high power)
2021-03-18 16:58:39.035 Unity[57549:538268] Using device Apple M1 (high power)
Initializing Metal device caps: Apple M1
Shader 'Universal Render Pipeline/Particles/Lit': fallback shader 'Universal Render Pipeline/Particles/SimpleLit' not found
Initialize mono
Mono path[0] = '/Applications/Unity/Hub/Editor/2020.2.2f1/Unity.app/Contents/Managed'
Mono path[1] = '/Applications/Unity/Hub/Editor/2020.2.2f1/Unity.app/Contents/MonoBleedingEdge/lib/mono/unityjit'
Mono config path = '/Applications/Unity/Hub/Editor/2020.2.2f1/Unity.app/Contents/MonoBleedingEdge/etc'
Using monoOptions --debugger-agent=transport=dt_socket,embedding=1,server=y,suspend=n,address=127.0.0.1:56549
Begin MonoManager ReloadAssembly
Registering precompiled unity dll's ...
Register platform support module: /Applications/Unity/Hub/Editor/2020.2.2f1/Unity.app/Contents/PlaybackEngines/MacStandaloneSupport/UnityEditor.OSXStandalone.Extensions.dll
Registered in 0.002148 seconds.
Native extension for OSXStandalone target not found
Refreshing native plugins compatible for Editor in 60.08 ms, found 2 plugins.
Preloading 0 native plugins for Editor in 0.00 ms.
Invoked RoslynAnalysisRunner static constructor.
RoslynAnalysisRunner will not be running.
RoslynAnalysisRunner has terminated.
Mono: successfully reloaded assembly
- Completed reload, in  2.021 seconds
Platform modules already initialized, skipping
Registering precompiled user dll's ...
Registered in 0.000677 seconds.
Begin MonoManager ReloadAssembly
Native extension for OSXStandalone target not found
Refreshing native plugins compatible for Editor in 62.00 ms, found 2 plugins.
Preloading 0 native plugins for Editor in 0.00 ms.
Invoked RoslynAnalysisRunner static constructor.
RoslynAnalysisRunner will not be running.
RoslynAnalysisRunner has terminated.
Mono: successfully reloaded assembly
- Completed reload, in  1.936 seconds
Platform modules already initialized, skipping
========================================================================
Worker process is ready to serve import requests
Shader 'Universal Render Pipeline/Particles/Lit': fallback shader 'Universal Render Pipeline/Particles/SimpleLit' not found
Launching external process: /Applications/Unity/Hub/Editor/2020.2.2f1/Unity.app/Contents/Tools/UnityShaderCompiler
Launched and connected shader compiler UnityShaderCompiler after 0.03 seconds
Refreshing native plugins compatible for Editor in 0.68 ms, found 2 plugins.
Preloading 0 native plugins for Editor in 0.00 ms.
Unloading 2932 Unused Serialized files (Serialized files now loaded: 0)
System memory in use before: 199.6 MB.
System memory in use after: 199.8 MB.

Unloading 19 unused Assets to reduce memory usage. Loaded Objects now: 3378.
Total: 2.166125 ms (FindLiveObjects: 0.207917 ms CreateObjectMapping: 0.060500 ms MarkObjects: 1.861958 ms  DeleteObjects: 0.034750 ms)

========================================================================
Received Import Request.
  path: Assets/Sprites/Campfire_enemy/campfire_prefab.prefab
  artifactKey: Guid(eb4544b535ad7460cbc5d38c2b30d3ae) Importer(815301076,1909f56bfc062723c751e8b465ee728b)
Start importing Assets/Sprites/Campfire_enemy/campfire_prefab.prefab using Guid(eb4544b535ad7460cbc5d38c2b30d3ae) Importer(815301076,1909f56bfc062723c751e8b465ee728b)  -> (artifact id: '792082ef7569ce94fbea1873c2fbcc74') in 0.610099 seconds
  Import took 0.614083 seconds .

========================================================================
Received Import Request.
  Time since last request: 0.000248 seconds.
  path: Assets/Sprites/Campfire_enemy/campfire_hostile.anim
  artifactKey: Guid(b94c91022fb0349028f38684be165068) Importer(815301076,1909f56bfc062723c751e8b465ee728b)
Start importing Assets/Sprites/Campfire_enemy/campfire_hostile.anim using Guid(b94c91022fb0349028f38684be165068) Importer(815301076,1909f56bfc062723c751e8b465ee728b)  -> (artifact id: '4e0b2ca3d83e71fdaa0371fc296f2bb7') in 0.175013 seconds
  Import took 0.179585 seconds .

========================================================================
Received Prepare
Shader 'Universal Render Pipeline/Particles/Lit': fallback shader 'Universal Render Pipeline/Particles/SimpleLit' not found
Refreshing native plugins compatible for Editor in 1.34 ms, found 2 plugins.
Preloading 0 native plugins for Editor in 0.00 ms.
Unloading 6 Unused Serialized files (Serialized files now loaded: 0)
System memory in use before: 146.3 MB.
System memory in use after: 146.6 MB.

Unloading 6 unused Assets to reduce memory usage. Loaded Objects now: 3378.
Total: 2.716917 ms (FindLiveObjects: 0.196833 ms CreateObjectMapping: 0.057791 ms MarkObjects: 2.450209 ms  DeleteObjects: 0.011333 ms)

========================================================================
Received Import Request.
  Time since last request: 70.863634 seconds.
  path: Assets/Sprites/Campfire_enemy/campfire_attack.controller
  artifactKey: Guid(911f6e93e926d4d32b3e91401cb70663) Importer(815301076,1909f56bfc062723c751e8b465ee728b)
Start importing Assets/Sprites/Campfire_enemy/campfire_attack.controller using Guid(911f6e93e926d4d32b3e91401cb70663) Importer(815301076,1909f56bfc062723c751e8b465ee728b)  -> (artifact id: '0b12dd010fb1fed7f6d9e3a803cfda05') in 0.090421 seconds
  Import took 0.094021 seconds .

========================================================================
Received Import Request.
  Time since last request: 39.541462 seconds.
  path: Assets/Sprites/2D_Renderer.asset
  artifactKey: Guid(8925d9fca025a0640812f3fa1df3cf55) Importer(815301076,1909f56bfc062723c751e8b465ee728b)
Start importing Assets/Sprites/2D_Renderer.asset using Guid(8925d9fca025a0640812f3fa1df3cf55) Importer(815301076,1909f56bfc062723c751e8b465ee728b)  -> (artifact id: '6db60199d4a04c4227ec73f7233573ab') in 0.104116 seconds
  Import took 0.109379 seconds .

========================================================================
Received Import Request.
  Time since last request: 0.000231 seconds.
  path: Assets/Sprites/CubeAtlas.spriteatlas
  artifactKey: Guid(6f95ed5ed6bdad3448b7dd63f0b2bb3b) Importer(815301076,1909f56bfc062723c751e8b465ee728b)
Start importing Assets/Sprites/CubeAtlas.spriteatlas using Guid(6f95ed5ed6bdad3448b7dd63f0b2bb3b) Importer(815301076,1909f56bfc062723c751e8b465ee728b) Invalid sprite atlas asset encountered when matching atlas for sprite cube_071. Please repack all your sprite atlases.

Invalid sprite atlas asset encountered when matching atlas for sprite cube_001. Please repack all your sprite atlases.

Invalid sprite atlas asset encountered when matching atlas for sprite cube_088. Please repack all your sprite atlases.

Invalid sprite atlas asset encountered when matching atlas for sprite cube_115. Please repack all your sprite atlases.

Invalid sprite atlas asset encountered when matching atlas for sprite cube_085. Please repack all your sprite atlases.

Invalid sprite atlas asset encountered when matching atlas for sprite cube_034. Please repack all your sprite atlases.

Invalid sprite atlas asset encountered when matching atlas for sprite cube_107. Please repack all your sprite atlases.

Invalid sprite atlas asset encountered when matching atlas for sprite cube_053. Please repack all your sprite atlases.

Invalid sprite atlas asset encountered when matching atlas for sprite cube_102. Please repack all your sprite atlases.

Invalid sprite atlas asset encountered when matching atlas for sprite cube_084. Please repack all your sprite atlases.

Invalid sprite atlas asset encountered when matching atlas for sprite cube_073. Please repack all your sprite atlases.

Invalid sprite atlas asset encountered when matching atlas for sprite cube_114. Please repack all your sprite atlases.

Invalid sprite atlas asset encountered when matching atlas for sprite cube_101. Please repack all your sprite atlases.

Invalid sprite atlas asset encountered when matching atlas for sprite Cube_Anim. Please repack all your sprite atlases.

Invalid sprite atlas asset encountered when matching atlas for sprite cube_068. Please repack all your sprite atlases.

Invalid sprite atlas asset encountered when matching atlas for sprite cube_095. Please repack all your sprite atlases.

Invalid sprite atlas asset encountered when matching atlas for sprite cube_070. Please repack all your sprite atlases.

Invalid sprite atlas asset encountered when matching atlas for sprite cube_016. Please repack all your sprite atlases.

Invalid sprite atlas asset encountered when matching atlas for sprite cube_041. Please repack all your sprite atlases.

Invalid sprite atlas asset encountered when matching atlas for sprite cube_076. Please repack all your sprite atlases.

Invalid sprite atlas asset encountered when matching atlas for sprite cube_075. Please repack all your sprite atlases.

Invalid sprite atlas asset encountered when matching atlas for sprite cube_116. Please repack all your sprite atlases.

Invalid sprite atlas asset encountered when matching atlas for sprite cube_083. Please repack all your sprite atlases.

Invalid sprite atlas asset encountered when matching atlas for sprite cube_091. Please repack all your sprite atlases.

Invalid sprite atlas asset encountered when matching atlas for sprite cube_099. Please repack all your sprite atlases.

Invalid sprite atlas asset encountered when matching atlas for sprite cube_045. Please repack all your sprite atlases.

Invalid sprite atlas asset encountered when matching atlas for sprite cube_063. Please repack all your sprite atlases.

Invalid sprite atlas asset encountered when matching atlas for sprite cube_004. Please repack all your sprite atlases.

Invalid sprite atlas asset encountered when matching atlas for sprite cube_080. Please repack all your sprite atlases.

Invalid sprite atlas asset encountered when matching atlas for sprite cube_040. Please repack all your sprite atlases.

Invalid sprite atlas asset encountered when matching atlas for sprite cube_094. Please repack all your sprite atlases.

Invalid sprite atlas asset encountered when matching atlas for sprite cube_033. Please repack all your sprite atlases.

Invalid sprite atlas asset encountered when matching atlas for sprite cube_066. Please repack all your sprite atlases.

Invalid sprite atlas asset encountered when matching atlas for sprite cube_117. Please repack all your sprite atlases.

Invalid sprite atlas asset encountered when matching atlas for sprite cube_100. Please repack all your sprite atlases.

Invalid sprite atlas asset encountered when matching atlas for sprite cube_042. Please repack all your sprite atlases.

Invalid sprite atlas asset encountered when matching atlas for sprite cube_052. Please repack all your sprite atlases.

Invalid sprite atlas asset encountered when matching atlas for sprite cube_009. Please repack all your sprite atlases.

Invalid sprite atlas asset encountered when matching atlas for sprite cube_015. Please repack all your sprite atlases.

Invalid sprite atlas asset encountered when matching atlas for sprite cube_111. Please repack all your sprite atlases.

Invalid sprite atlas asset encountered when matching atlas for sprite cube_011. Please repack all your sprite atlases.

Invalid sprite atlas asset encountered when matching atlas for sprite cube_065. Please repack all your sprite atlases.

Invalid sprite atlas asset encountered when matching atlas for sprite cube_003. Please repack all your sprite atlases.

Invalid sprite atlas asset encountered when matching atlas for sprite cube_024. Please repack all your sprite atlases.

Invalid sprite atlas asset encountered when matching atlas for sprite cube_087. Please repack all your sprite atlases.

Invalid sprite atlas asset encountered when matching atlas for sprite cube_008. Please repack all your sprite atlases.

Invalid sprite atlas asset encountered when matching atlas for sprite cube_096. Please repack all your sprite atlases.

Invalid sprite atlas asset encountered when matching atlas for sprite cube_098. Please repack all your sprite atlases.

Invalid sprite atlas asset encountered when matching atlas for sprite cube_013. Please repack all your sprite atlases.

Invalid sprite atlas asset encountered when matching atlas for sprite cube_010. Please repack all your sprite atlases.

Invalid sprite atlas asset encountered when matching atlas for sprite cube_081. Please repack all your sprite atlases.

Invalid sprite atlas asset encountered when matching atlas for sprite cube_012. Please repack all your sprite atlases.

Invalid sprite atlas asset encountered when matching atlas for sprite cube_002. Please repack all your sprite atlases.

Invalid sprite atlas asset encountered when matching atlas for sprite cube_026. Please repack all your sprite atlases.

Invalid sprite atlas asset encountered when matching atlas for sprite cube_027. Please repack all your sprite atlases.

Invalid sprite atlas asset encountered when matching atlas for sprite cube_058. Please repack all your sprite atlases.

Invalid sprite atlas asset encountered when matching atlas for sprite cube_044. Please repack all your sprite atlases.

Invalid sprite atlas asset encountered when matching atlas for sprite cube_055. Please repack all your sprite atlases.

Invalid sprite atlas asset encountered when matching atlas for sprite cube_067. Please repack all your sprite atlases.

Invalid sprite atlas asset encountered when matching atlas for sprite cube_078. Please repack all your sprite atlases.

Invalid sprite atlas asset encountered when matching atlas for sprite cube_069. Please repack all your sprite atlases.

Invalid sprite atlas asset encountered when matching atlas for sprite cube_031. Please repack all your sprite atlases.

Invalid sprite atlas asset encountered when matching atlas for sprite cube_056. Please repack all your sprite atlases.

Invalid sprite atlas asset encountered when matching atlas for sprite cube_113. Please repack all your sprite atlases.

Invalid sprite atlas asset encountered when matching atlas for sprite cube_105. Please repack all your sprite atlases.

Invalid sprite atlas asset encountered when matching atlas for sprite cube_014. Please repack all your sprite atlases.

Invalid sprite atlas asset encountered when matching atlas for sprite cube_005. Please repack all your sprite atlases.

Invalid sprite atlas asset encountered when matching atlas for sprite cube_060. Please repack all your sprite atlases.

Invalid sprite atlas asset encountered when matching atlas for sprite cube_054. Please repack all your sprite atlases.

Invalid sprite atlas asset encountered when matching atlas for sprite cube_109. Please repack all your sprite atlases.

Invalid sprite atlas asset encountered when matching atlas for sprite cube_021. Please repack all your sprite atlases.

Invalid sprite atlas asset encountered when matching atlas for sprite cube_062. Please repack all your sprite atlases.

Invalid sprite atlas asset encountered when matching atlas for sprite cube_086. Please repack all your sprite atlases.

Invalid sprite atlas asset encountered when matching atlas for sprite cube_089. Please repack all your sprite atlases.

Invalid sprite atlas asset encountered when matching atlas for sprite cube_103. Please repack all your sprite atlases.

Invalid sprite atlas asset encountered when matching atlas for sprite cube_097. Please repack all your sprite atlases.

Invalid sprite atlas asset encountered when matching atlas for sprite cube_120. Please repack all your sprite atlases.

Invalid sprite atlas asset encountered when matching atlas for sprite cube_032. Please repack all your sprite atlases.

Invalid sprite atlas asset encountered when matching atlas for sprite cube_104. Please repack all your sprite atlases.

Invalid sprite atlas asset encountered when matching atlas for sprite cube_017. Please repack all your sprite atlases.

Invalid sprite atlas asset encountered when matching atlas for sprite cube_048. Please repack all your sprite atlases.

Invalid sprite atlas asset encountered when matching atlas for sprite cube_043. Please repack all your sprite atlases.

Invalid sprite atlas asset encountered when matching atlas for sprite cube_090. Please repack all your sprite atlases.

Invalid sprite atlas asset encountered when matching atlas for sprite cube_029. Please repack all your sprite atlases.

Invalid sprite atlas asset encountered when matching atlas for sprite cube_049. Please repack all your sprite atlases.

Invalid sprite atlas asset encountered when matching atlas for sprite cube_106. Please repack all your sprite atlases.

Invalid sprite atlas asset encountered when matching atlas for sprite cube_077. Please repack all your sprite atlases.

Invalid sprite atlas asset encountered when matching atlas for sprite cube_025. Please repack all your sprite atlases.

Invalid sprite atlas asset encountered when matching atlas for sprite cube_047. Please repack all your sprite atlases.

Invalid sprite atlas asset encountered when matching atlas for sprite cube_064. Please repack all your sprite atlases.

Invalid sprite atlas asset encountered when matching atlas for sprite cube_051. Please repack all your sprite atlases.

Invalid sprite atlas asset encountered when matching atlas for sprite cube_037. Please repack all your sprite atlases.

Invalid sprite atlas asset encountered when matching atlas for sprite cube_072. Please repack all your sprite atlases.

Invalid sprite atlas asset encountered when matching atlas for sprite cube_108. Please repack all your sprite atlases.

Invalid sprite atlas asset encountered when matching atlas for sprite cube_092. Please repack all your sprite atlases.

Invalid sprite atlas asset encountered when matching atlas for sprite cube_093. Please repack all your sprite atlases.

Invalid sprite atlas asset encountered when matching atlas for sprite cube_019. Please repack all your sprite atlases.

Invalid sprite atlas asset encountered when matching atlas for sprite cube_007. Please repack all your sprite atlases.

Invalid sprite atlas asset encountered when matching atlas for sprite cube_050. Please repack all your sprite atlases.

Invalid sprite atlas asset encountered when matching atlas for sprite cube_082. Please repack all your sprite atlases.

Invalid sprite atlas asset encountered when matching atlas for sprite cube_030. Please repack all your sprite atlases.

Invalid sprite atlas asset encountered when matching atlas for sprite cube_110. Please repack all your sprite atlases.

Invalid sprite atlas asset encountered when matching atlas for sprite cube_039. Please repack all your sprite atlases.

Invalid sprite atlas asset encountered when matching atlas for sprite cube_061. Please repack all your sprite atlases.

Invalid sprite atlas asset encountered when matching atlas for sprite cube_057. Please repack all your sprite atlases.

Invalid sprite atlas asset encountered when matching atlas for sprite cube_112. Please repack all your sprite atlases.

Invalid sprite atlas asset encountered when matching atlas for sprite cube_059. Please repack all your sprite atlases.

Invalid sprite atlas asset encountered when matching atlas for sprite cube_020. Please repack all your sprite atlases.

Invalid sprite atlas asset encountered when matching atlas for sprite cube_119. Please repack all your sprite atlases.

Invalid sprite atlas asset encountered when matching atlas for sprite cube_038. Please repack all your sprite atlases.

Invalid sprite atlas asset encountered when matching atlas for sprite cube_036. Please repack all your sprite atlases.

Invalid sprite atlas asset encountered when matching atlas for sprite cube_028. Please repack all your sprite atlases.

Invalid sprite atlas asset encountered when matching atlas for sprite cube_046. Please repack all your sprite atlases.

Invalid sprite atlas asset encountered when matching atlas for sprite cube_022. Please repack all your sprite atlases.

Invalid sprite atlas asset encountered when matching atlas for sprite cube_118. Please repack all your sprite atlases.

Invalid sprite atlas asset encountered when matching atlas for sprite cube_035. Please repack all your sprite atlases.

Invalid sprite atlas asset encountered when matching atlas for sprite cube_018. Please repack all your sprite atlases.

Invalid sprite atlas asset encountered when matching atlas for sprite cube_079. Please repack all your sprite atlases.

Invalid sprite atlas asset encountered when matching atlas for sprite cube_023. Please repack all your sprite atlases.

Invalid sprite atlas asset encountered when matching atlas for sprite cube_006. Please repack all your sprite atlases.

Invalid sprite atlas asset encountered when matching atlas for sprite cube_074. Please repack all your sprite atlases.

 -> (artifact id: '0684eea0a8920d0d1d18eb5e829f7094') in 0.105329 seconds
  Import took 0.127686 seconds .

========================================================================
Received Import Request.
  Time since last request: 0.000270 seconds.
  path: Assets/Sprites/UniversalRenderPipelineAsset_Renderer.asset
  artifactKey: Guid(3d825bac628f16d42acb0034355653da) Importer(815301076,1909f56bfc062723c751e8b465ee728b)
Start importing Assets/Sprites/UniversalRenderPipelineAsset_Renderer.asset using Guid(3d825bac628f16d42acb0034355653da) Importer(815301076,1909f56bfc062723c751e8b465ee728b)  -> (artifact id: '8900b2d8c6fd5cc3457607f31e9b47f3') in 0.006281 seconds
  Import took 0.010821 seconds .

========================================================================
Received Import Request.
  Time since last request: 0.000404 seconds.
  path: Assets/Sprites/UniversalRenderPipelineAsset.asset
  artifactKey: Guid(d10ef25d53fe0194fb522dce68cceb20) Importer(815301076,1909f56bfc062723c751e8b465ee728b)
Start importing Assets/Sprites/UniversalRenderPipelineAsset.asset using Guid(d10ef25d53fe0194fb522dce68cceb20) Importer(815301076,1909f56bfc062723c751e8b465ee728b)  -> (artifact id: '3a2a282d76017eab3d6459faf9703b18') in 0.002431 seconds
  Import took 0.006624 seconds .

========================================================================
Received Import Request.
  Time since last request: 0.917993 seconds.
  path: Assets/Sprites/Campfire_enemy
  artifactKey: Guid(ef4108aad91fd433c991df6d205463a3) Importer(815301076,1909f56bfc062723c751e8b465ee728b)
Start importing Assets/Sprites/Campfire_enemy using Guid(ef4108aad91fd433c991df6d205463a3) Importer(815301076,1909f56bfc062723c751e8b465ee728b)  -> (artifact id: 'd07f3df8030d5ca3db4398a0f40bed3a') in 0.000816 seconds
  Import took 0.005101 seconds .

========================================================================
Received Import Request.
  Time since last request: 0.001169 seconds.
  path: Assets/Sprites/Campfire_enemy
  artifactKey: Guid(ef4108aad91fd433c991df6d205463a3) Importer(815301076,1909f56bfc062723c751e8b465ee728b)
Start importing Assets/Sprites/Campfire_enemy using Guid(ef4108aad91fd433c991df6d205463a3) Importer(815301076,1909f56bfc062723c751e8b465ee728b)  -> (artifact id: 'd07f3df8030d5ca3db4398a0f40bed3a') in 0.000672 seconds
  Import took 0.004432 seconds .

========================================================================
Received Import Request.
  Time since last request: 145.501219 seconds.
  path: Assets/Sprites/Campfire_enemy/campfire_boom/campfire_boom_20.png
  artifactKey: Guid(a0d676d395abb034eb21f49d8745677d) Importer(815301076,1909f56bfc062723c751e8b465ee728b)
Start importing Assets/Sprites/Campfire_enemy/campfire_boom/campfire_boom_20.png using Guid(a0d676d395abb034eb21f49d8745677d) Importer(815301076,1909f56bfc062723c751e8b465ee728b)  -> (artifact id: 'f2dce1c4dd694c0f376604938aa73d6c') in 0.555338 seconds
  Import took 0.559772 seconds .

========================================================================
Received Import Request.
  Time since last request: 0.000296 seconds.
  path: Assets/Sprites/Campfire_enemy/campfire_boom/campfire_boom_06.png
  artifactKey: Guid(1271b5b21d9b16246b9eb84264f240c1) Importer(815301076,1909f56bfc062723c751e8b465ee728b)
Start importing Assets/Sprites/Campfire_enemy/campfire_boom/campfire_boom_06.png using Guid(1271b5b21d9b16246b9eb84264f240c1) Importer(815301076,1909f56bfc062723c751e8b465ee728b)  -> (artifact id: '938cdb32c959e222ab0a4688c1576409') in 0.012730 seconds
  Import took 0.016348 seconds .

========================================================================
Received Import Request.
  Time since last request: 0.000375 seconds.
  path: Assets/Sprites/Campfire_enemy/campfire_boom/campfire_boom_18.png
  artifactKey: Guid(2970d5fb37bf29e42b28186af73ddf2a) Importer(815301076,1909f56bfc062723c751e8b465ee728b)
Start importing Assets/Sprites/Campfire_enemy/campfire_boom/campfire_boom_18.png using Guid(2970d5fb37bf29e42b28186af73ddf2a) Importer(815301076,1909f56bfc062723c751e8b465ee728b)  -> (artifact id: '682bf3883536a496653f99ba729d6760') in 0.009456 seconds
  Import took 0.013599 seconds .

========================================================================
Received Import Request.
  Time since last request: 0.000314 seconds.
  path: Assets/Sprites/Campfire_enemy/campfire_boom/campfire_boom_08.png
  artifactKey: Guid(ebccefd35c916fa4184e7bb57d14f938) Importer(815301076,1909f56bfc062723c751e8b465ee728b)
Start importing Assets/Sprites/Campfire_enemy/campfire_boom/campfire_boom_08.png using Guid(ebccefd35c916fa4184e7bb57d14f938) Importer(815301076,1909f56bfc062723c751e8b465ee728b)  -> (artifact id: 'a1c4114deb7a22f164210baa64c893bb') in 0.009066 seconds
  Import took 0.013480 seconds .

========================================================================
Received Import Request.
  Time since last request: 0.000272 seconds.
  path: Assets/Sprites/Campfire_enemy/campfire_boom/campfire_boom_30.png
  artifactKey: Guid(e7f92233e8222844b9a5d9d6f4071e44) Importer(815301076,1909f56bfc062723c751e8b465ee728b)
Start importing Assets/Sprites/Campfire_enemy/campfire_boom/campfire_boom_30.png using Guid(e7f92233e8222844b9a5d9d6f4071e44) Importer(815301076,1909f56bfc062723c751e8b465ee728b)  -> (artifact id: 'c7f33624b4690a921c3331ed9924d631') in 0.009497 seconds
  Import took 0.014005 seconds .

========================================================================
Received Import Request.
  Time since last request: 0.000187 seconds.
  path: Assets/Sprites/Campfire_enemy/campfire_boom/campfire_boom_24.png
  artifactKey: Guid(3d316cdcf4864804b8c4249ae060b133) Importer(815301076,1909f56bfc062723c751e8b465ee728b)
Start importing Assets/Sprites/Campfire_enemy/campfire_boom/campfire_boom_24.png using Guid(3d316cdcf4864804b8c4249ae060b133) Importer(815301076,1909f56bfc062723c751e8b465ee728b)  -> (artifact id: 'c68f582528915c6dc53e4df8590c0d72') in 0.008971 seconds
  Import took 0.012573 seconds .

========================================================================
Received Import Request.
  Time since last request: 0.000232 seconds.
  path: Assets/Sprites/Campfire_enemy/campfire_boom/campfire_boom_02.png
  artifactKey: Guid(6aa561eddf724064c98b7af2db3c9605) Importer(815301076,1909f56bfc062723c751e8b465ee728b)
Start importing Assets/Sprites/Campfire_enemy/campfire_boom/campfire_boom_02.png using Guid(6aa561eddf724064c98b7af2db3c9605) Importer(815301076,1909f56bfc062723c751e8b465ee728b)  -> (artifact id: '70caa86040af3451d18721889b822147') in 0.008327 seconds
  Import took 0.011851 seconds .

========================================================================
Received Import Request.
  Time since last request: 0.000231 seconds.
  path: Assets/Sprites/Campfire_enemy/campfire_boom/campfire_boom_04.png
  artifactKey: Guid(d729b9ea259517f479d5adeae4939f8c) Importer(815301076,1909f56bfc062723c751e8b465ee728b)
Start importing Assets/Sprites/Campfire_enemy/campfire_boom/campfire_boom_04.png using Guid(d729b9ea259517f479d5adeae4939f8c) Importer(815301076,1909f56bfc062723c751e8b465ee728b)  -> (artifact id: 'f13a2c8ce20ef1d1746d4d926a0b711e') in 0.008206 seconds
  Import took 0.011617 seconds .

========================================================================
Received Import Request.
  Time since last request: 0.000238 seconds.
  path: Assets/Sprites/Campfire_enemy/campfire_boom/campfire_boom_28.png
  artifactKey: Guid(f8fec1b7a5f58264bb8df477a4f8ee1d) Importer(815301076,1909f56bfc062723c751e8b465ee728b)
Start importing Assets/Sprites/Campfire_enemy/campfire_boom/campfire_boom_28.png using Guid(f8fec1b7a5f58264bb8df477a4f8ee1d) Importer(815301076,1909f56bfc062723c751e8b465ee728b)  -> (artifact id: '76faad11a2a0f39162700b445d62a9fa') in 0.008709 seconds
  Import took 0.012074 seconds .

========================================================================
Received Import Request.
  Time since last request: 0.000241 seconds.
  path: Assets/Sprites/Campfire_enemy/campfire_boom/campfire_boom_12.png
  artifactKey: Guid(935d1af88c20ace46983ae26033bfe39) Importer(815301076,1909f56bfc062723c751e8b465ee728b)
Start importing Assets/Sprites/Campfire_enemy/campfire_boom/campfire_boom_12.png using Guid(935d1af88c20ace46983ae26033bfe39) Importer(815301076,1909f56bfc062723c751e8b465ee728b)  -> (artifact id: '257d6f97847fb80dfac2aaeb0b41ab63') in 0.008492 seconds
  Import took 0.011937 seconds .

========================================================================
Received Import Request.
  Time since last request: 0.000189 seconds.
  path: Assets/Sprites/Campfire_enemy/campfire_boom/campfire_boom_14.png
  artifactKey: Guid(5f0407feab339da4d90841f20e604907) Importer(815301076,1909f56bfc062723c751e8b465ee728b)
Start importing Assets/Sprites/Campfire_enemy/campfire_boom/campfire_boom_14.png using Guid(5f0407feab339da4d90841f20e604907) Importer(815301076,1909f56bfc062723c751e8b465ee728b)  -> (artifact id: '2dfc298e67f0bae03b0ea109cfc3462a') in 0.008014 seconds
  Import took 0.011659 seconds .

========================================================================
Received Import Request.
  Time since last request: 0.000246 seconds.
  path: Assets/Sprites/Campfire_enemy/campfire_boom/campfire_boom_26.png
  artifactKey: Guid(7beb3fbef8186c6498a186f30f99bc44) Importer(815301076,1909f56bfc062723c751e8b465ee728b)
Start importing Assets/Sprites/Campfire_enemy/campfire_boom/campfire_boom_26.png using Guid(7beb3fbef8186c6498a186f30f99bc44) Importer(815301076,1909f56bfc062723c751e8b465ee728b)  -> (artifact id: '27a27fecb5df1bb7c0d030ed9afbd3a3') in 0.008267 seconds
  Import took 0.011802 seconds .

========================================================================
Received Import Request.
  Time since last request: 0.000222 seconds.
  path: Assets/Sprites/Campfire_enemy/campfire_boom/campfire_boom_00.png
  artifactKey: Guid(2cf0f28ad1ea512438746a3e703be184) Importer(815301076,1909f56bfc062723c751e8b465ee728b)
Start importing Assets/Sprites/Campfire_enemy/campfire_boom/campfire_boom_00.png using Guid(2cf0f28ad1ea512438746a3e703be184) Importer(815301076,1909f56bfc062723c751e8b465ee728b)  -> (artifact id: 'f3ad98e022542397498524b7f59bdee7') in 0.007747 seconds
  Import took 0.011170 seconds .

========================================================================
Received Import Request.
  Time since last request: 0.000204 seconds.
  path: Assets/Sprites/Campfire_enemy/campfire_boom/campfire_boom_16.png
  artifactKey: Guid(6e5d8ba94e3791d4abc418a72df479c8) Importer(815301076,1909f56bfc062723c751e8b465ee728b)
Start importing Assets/Sprites/Campfire_enemy/campfire_boom/campfire_boom_16.png using Guid(6e5d8ba94e3791d4abc418a72df479c8) Importer(815301076,1909f56bfc062723c751e8b465ee728b)  -> (artifact id: 'd510dde5e6a2c3df0428f2a038da0d2e') in 0.008368 seconds
  Import took 0.011828 seconds .

========================================================================
Received Import Request.
  Time since last request: 0.000208 seconds.
  path: Assets/Sprites/Campfire_enemy/campfire_boom/campfire_boom_22.png
  artifactKey: Guid(ecdb88d819e369b439dd6e9d1d95b15d) Importer(815301076,1909f56bfc062723c751e8b465ee728b)
Start importing Assets/Sprites/Campfire_enemy/campfire_boom/campfire_boom_22.png using Guid(ecdb88d819e369b439dd6e9d1d95b15d) Importer(815301076,1909f56bfc062723c751e8b465ee728b)  -> (artifact id: '6882c8d8f1848b521a17430e22fbb5e1') in 0.007689 seconds
  Import took 0.010980 seconds .

========================================================================
Received Import Request.
  Time since last request: 0.000270 seconds.
  path: Assets/Sprites/Campfire_enemy/campfire_boom/campfire_boom_10.png
  artifactKey: Guid(99d83071f3f99c64288c391b900423d7) Importer(815301076,1909f56bfc062723c751e8b465ee728b)
Start importing Assets/Sprites/Campfire_enemy/campfire_boom/campfire_boom_10.png using Guid(99d83071f3f99c64288c391b900423d7) Importer(815301076,1909f56bfc062723c751e8b465ee728b)  -> (artifact id: 'cc0d2744896aa44c822b6d53c3160d02') in 0.008838 seconds
  Import took 0.012153 seconds .

========================================================================
Received Import Request.
  Time since last request: 0.010692 seconds.
  path: Assets/Sprites/Campfire_enemy/campfire_boom/campfire_boom_10.png
  artifactKey: Guid(99d83071f3f99c64288c391b900423d7) Importer(815301076,1909f56bfc062723c751e8b465ee728b)
Start importing Assets/Sprites/Campfire_enemy/campfire_boom/campfire_boom_10.png using Guid(99d83071f3f99c64288c391b900423d7) Importer(815301076,1909f56bfc062723c751e8b465ee728b)  -> (artifact id: 'cc0d2744896aa44c822b6d53c3160d02') in 0.008805 seconds
  Import took 0.012877 seconds .

========================================================================
Received Import Request.
  Time since last request: 43.106254 seconds.
  path: Assets/Sprites/Campfire_enemy/campfire_boom.anim
  artifactKey: Guid(c0d50b796144ce841ab592dfb2ef7d95) Importer(815301076,1909f56bfc062723c751e8b465ee728b)
Start importing Assets/Sprites/Campfire_enemy/campfire_boom.anim using Guid(c0d50b796144ce841ab592dfb2ef7d95) Importer(815301076,1909f56bfc062723c751e8b465ee728b)  -> (artifact id: '5ce952b344f6e376f32f9eb29b4c3989') in 0.005056 seconds
  Import took 0.011674 seconds .

========================================================================
Received Import Request.
  Time since last request: 3.389303 seconds.
  path: Assets/Sprites/Campfire_enemy/campfire_loop.anim
  artifactKey: Guid(f35da031a20584b3a8351d194bbf0357) Importer(815301076,1909f56bfc062723c751e8b465ee728b)
Start importing Assets/Sprites/Campfire_enemy/campfire_loop.anim using Guid(f35da031a20584b3a8351d194bbf0357) Importer(815301076,1909f56bfc062723c751e8b465ee728b)  -> (artifact id: 'e5e1a8061fced72a40594b3d055e7f99') in 0.003614 seconds
  Import took 0.007954 seconds .

========================================================================
Received Import Request.
  Time since last request: 9.524130 seconds.
  path: Assets/Sprites/Campfire_enemy/campfire_attack.controller
  artifactKey: Guid(911f6e93e926d4d32b3e91401cb70663) Importer(815301076,1909f56bfc062723c751e8b465ee728b)
Start importing Assets/Sprites/Campfire_enemy/campfire_attack.controller using Guid(911f6e93e926d4d32b3e91401cb70663) Importer(815301076,1909f56bfc062723c751e8b465ee728b)  -> (artifact id: '38b990597f2693f5cffdccd675e62d44') in 0.006076 seconds
  Import took 0.013288 seconds .

========================================================================
Received Import Request.
  Time since last request: 49.280748 seconds.
  path: Assets/Sprites/Campfire_enemy/campfire_boom/campfire_boom_20.png
  artifactKey: Guid(a0d676d395abb034eb21f49d8745677d) Importer(815301076,1909f56bfc062723c751e8b465ee728b)
Start importing Assets/Sprites/Campfire_enemy/campfire_boom/campfire_boom_20.png using Guid(a0d676d395abb034eb21f49d8745677d) Importer(815301076,1909f56bfc062723c751e8b465ee728b)  -> (artifact id: '3606a42152e6231b203d75988f07337c') in 0.009311 seconds
  Import took 0.014094 seconds .

========================================================================
Received Import Request.
  Time since last request: 0.006137 seconds.
  path: Assets/Sprites/Campfire_enemy/campfire_boom/campfire_boom_00.png
  artifactKey: Guid(2cf0f28ad1ea512438746a3e703be184) Importer(815301076,1909f56bfc062723c751e8b465ee728b)
Start importing Assets/Sprites/Campfire_enemy/campfire_boom/campfire_boom_00.png using Guid(2cf0f28ad1ea512438746a3e703be184) Importer(815301076,1909f56bfc062723c751e8b465ee728b)  -> (artifact id: '10841e9e6f9faa9aa6df619a0ebce76c') in 0.008213 seconds
  Import took 0.012711 seconds .

========================================================================
Received Import Request.
  Time since last request: 0.000200 seconds.
  path: Assets/Sprites/Campfire_enemy/campfire_boom/campfire_boom_06.png
  artifactKey: Guid(1271b5b21d9b16246b9eb84264f240c1) Importer(815301076,1909f56bfc062723c751e8b465ee728b)
Start importing Assets/Sprites/Campfire_enemy/campfire_boom/campfire_boom_06.png using Guid(1271b5b21d9b16246b9eb84264f240c1) Importer(815301076,1909f56bfc062723c751e8b465ee728b)  -> (artifact id: '2a428a78760efb20def8781841037f98') in 0.009184 seconds
  Import took 0.013127 seconds .

========================================================================
Received Import Request.
  Time since last request: 0.000279 seconds.
  path: Assets/Sprites/Campfire_enemy/campfire_boom/campfire_boom_18.png
  artifactKey: Guid(2970d5fb37bf29e42b28186af73ddf2a) Importer(815301076,1909f56bfc062723c751e8b465ee728b)
Start importing Assets/Sprites/Campfire_enemy/campfire_boom/campfire_boom_18.png using Guid(2970d5fb37bf29e42b28186af73ddf2a) Importer(815301076,1909f56bfc062723c751e8b465ee728b)  -> (artifact id: '099a88fe2e0d82fb7a2ba592bcb59987') in 0.008716 seconds
  Import took 0.012420 seconds .

========================================================================
Received Import Request.
  Time since last request: 0.000378 seconds.
  path: Assets/Sprites/Campfire_enemy/campfire_boom/campfire_boom_08.png
  artifactKey: Guid(ebccefd35c916fa4184e7bb57d14f938) Importer(815301076,1909f56bfc062723c751e8b465ee728b)
Start importing Assets/Sprites/Campfire_enemy/campfire_boom/campfire_boom_08.png using Guid(ebccefd35c916fa4184e7bb57d14f938) Importer(815301076,1909f56bfc062723c751e8b465ee728b)  -> (artifact id: '5dda9a9a5fb20db0e1a19efb5b8f95a9') in 0.007770 seconds
  Import took 0.011192 seconds .

========================================================================
Received Import Request.
  Time since last request: 0.000210 seconds.
  path: Assets/Sprites/Campfire_enemy/campfire_boom/campfire_boom_02.png
  artifactKey: Guid(6aa561eddf724064c98b7af2db3c9605) Importer(815301076,1909f56bfc062723c751e8b465ee728b)
Start importing Assets/Sprites/Campfire_enemy/campfire_boom/campfire_boom_02.png using Guid(6aa561eddf724064c98b7af2db3c9605) Importer(815301076,1909f56bfc062723c751e8b465ee728b)  -> (artifact id: '815ff3b6ebcc5126f6afaa95196be433') in 0.008355 seconds
  Import took 0.011922 seconds .

========================================================================
Received Import Request.
  Time since last request: 0.000217 seconds.
  path: Assets/Sprites/Campfire_enemy/campfire_boom/campfire_boom_04.png
  artifactKey: Guid(d729b9ea259517f479d5adeae4939f8c) Importer(815301076,1909f56bfc062723c751e8b465ee728b)
Start importing Assets/Sprites/Campfire_enemy/campfire_boom/campfire_boom_04.png using Guid(d729b9ea259517f479d5adeae4939f8c) Importer(815301076,1909f56bfc062723c751e8b465ee728b)  -> (artifact id: '3716a5a1bca8048dd2e2961912c57666') in 0.008873 seconds
  Import took 0.012373 seconds .

========================================================================
Received Import Request.
  Time since last request: 0.000358 seconds.
  path: Assets/Sprites/Campfire_enemy/campfire_boom/campfire_boom_12.png
  artifactKey: Guid(935d1af88c20ace46983ae26033bfe39) Importer(815301076,1909f56bfc062723c751e8b465ee728b)
Start importing Assets/Sprites/Campfire_enemy/campfire_boom/campfire_boom_12.png using Guid(935d1af88c20ace46983ae26033bfe39) Importer(815301076,1909f56bfc062723c751e8b465ee728b)  -> (artifact id: '995e9c88798e4f16f91c2be8a9eed172') in 0.008783 seconds
  Import took 0.012164 seconds .

========================================================================
Received Import Request.
  Time since last request: 0.000260 seconds.
  path: Assets/Sprites/Campfire_enemy/campfire_boom/campfire_boom_14.png
  artifactKey: Guid(5f0407feab339da4d90841f20e604907) Importer(815301076,1909f56bfc062723c751e8b465ee728b)
Start importing Assets/Sprites/Campfire_enemy/campfire_boom/campfire_boom_14.png using Guid(5f0407feab339da4d90841f20e604907) Importer(815301076,1909f56bfc062723c751e8b465ee728b)  -> (artifact id: 'c04f22746637242715366ce28e761405') in 0.007705 seconds
  Import took 0.011020 seconds .

========================================================================
Received Import Request.
  Time since last request: 0.000305 seconds.
  path: Assets/Sprites/Campfire_enemy/campfire_boom/campfire_boom_16.png
  artifactKey: Guid(6e5d8ba94e3791d4abc418a72df479c8) Importer(815301076,1909f56bfc062723c751e8b465ee728b)
Start importing Assets/Sprites/Campfire_enemy/campfire_boom/campfire_boom_16.png using Guid(6e5d8ba94e3791d4abc418a72df479c8) Importer(815301076,1909f56bfc062723c751e8b465ee728b)  -> (artifact id: '37a141f891861bfcfd2a8f26e7665a69') in 0.008026 seconds
  Import took 0.011611 seconds .

========================================================================
Received Import Request.
  Time since last request: 0.000317 seconds.
  path: Assets/Sprites/Campfire_enemy/campfire_boom/campfire_boom_10.png
  artifactKey: Guid(99d83071f3f99c64288c391b900423d7) Importer(815301076,1909f56bfc062723c751e8b465ee728b)
Start importing Assets/Sprites/Campfire_enemy/campfire_boom/campfire_boom_10.png using Guid(99d83071f3f99c64288c391b900423d7) Importer(815301076,1909f56bfc062723c751e8b465ee728b)  -> (artifact id: 'b83e67da611b7a5a341a645b0c980d6f') in 0.008263 seconds
  Import took 0.011990 seconds .

========================================================================
Received Import Request.
  Time since last request: 0.043497 seconds.
  path: Assets/Sprites/Campfire_enemy/campfire_boom/campfire_boom_16.png
  artifactKey: Guid(6e5d8ba94e3791d4abc418a72df479c8) Importer(815301076,1909f56bfc062723c751e8b465ee728b)
Start importing Assets/Sprites/Campfire_enemy/campfire_boom/campfire_boom_16.png using Guid(6e5d8ba94e3791d4abc418a72df479c8) Importer(815301076,1909f56bfc062723c751e8b465ee728b)  -> (artifact id: '37a141f891861bfcfd2a8f26e7665a69') in 0.008032 seconds
  Import took 0.012180 seconds .

========================================================================
Received Import Request.
  Time since last request: 5.994708 seconds.
  path: Assets/Sprites/Campfire_enemy/campfire_boom/campfire_boom_20.png
  artifactKey: Guid(a0d676d395abb034eb21f49d8745677d) Importer(815301076,1909f56bfc062723c751e8b465ee728b)
Start importing Assets/Sprites/Campfire_enemy/campfire_boom/campfire_boom_20.png using Guid(a0d676d395abb034eb21f49d8745677d) Importer(815301076,1909f56bfc062723c751e8b465ee728b)  -> (artifact id: 'e6f72bf77ff16236f2d675bb49d2e439') in 0.009209 seconds
  Import took 0.013782 seconds .

========================================================================
Received Import Request.
  Time since last request: 0.008460 seconds.
  path: Assets/Sprites/Campfire_enemy/campfire_boom/campfire_boom_02.png
  artifactKey: Guid(6aa561eddf724064c98b7af2db3c9605) Importer(815301076,1909f56bfc062723c751e8b465ee728b)
Start importing Assets/Sprites/Campfire_enemy/campfire_boom/campfire_boom_02.png using Guid(6aa561eddf724064c98b7af2db3c9605) Importer(815301076,1909f56bfc062723c751e8b465ee728b)  -> (artifact id: '7d9d3f0cafcae9b1f0d16e406bf2c59f') in 0.008083 seconds
  Import took 0.012760 seconds .

========================================================================
Received Import Request.
  Time since last request: 0.000228 seconds.
  path: Assets/Sprites/Campfire_enemy/campfire_boom/campfire_boom_06.png
  artifactKey: Guid(1271b5b21d9b16246b9eb84264f240c1) Importer(815301076,1909f56bfc062723c751e8b465ee728b)
Start importing Assets/Sprites/Campfire_enemy/campfire_boom/campfire_boom_06.png using Guid(1271b5b21d9b16246b9eb84264f240c1) Importer(815301076,1909f56bfc062723c751e8b465ee728b)  -> (artifact id: '0effa8f649bc617e5b39cee0554846f3') in 0.009113 seconds
  Import took 0.012984 seconds .

========================================================================
Received Import Request.
  Time since last request: 0.000240 seconds.
  path: Assets/Sprites/Campfire_enemy/campfire_boom/campfire_boom_18.png
  artifactKey: Guid(2970d5fb37bf29e42b28186af73ddf2a) Importer(815301076,1909f56bfc062723c751e8b465ee728b)
Start importing Assets/Sprites/Campfire_enemy/campfire_boom/campfire_boom_18.png using Guid(2970d5fb37bf29e42b28186af73ddf2a) Importer(815301076,1909f56bfc062723c751e8b465ee728b)  -> (artifact id: 'f04c684c1e6ff33c5373c13f464d3e03') in 0.008347 seconds
  Import took 0.012403 seconds .

========================================================================
Received Import Request.
  Time since last request: 0.000259 seconds.
  path: Assets/Sprites/Campfire_enemy/campfire_boom/campfire_boom_08.png
  artifactKey: Guid(ebccefd35c916fa4184e7bb57d14f938) Importer(815301076,1909f56bfc062723c751e8b465ee728b)
Start importing Assets/Sprites/Campfire_enemy/campfire_boom/campfire_boom_08.png using Guid(ebccefd35c916fa4184e7bb57d14f938) Importer(815301076,1909f56bfc062723c751e8b465ee728b)  -> (artifact id: '7504fb8bd0d138c0bdea5d55413216bd') in 0.008610 seconds
  Import took 0.012610 seconds .

========================================================================
Received Import Request.
  Time since last request: 0.000304 seconds.
  path: Assets/Sprites/Campfire_enemy/campfire_boom/campfire_boom_04.png
  artifactKey: Guid(d729b9ea259517f479d5adeae4939f8c) Importer(815301076,1909f56bfc062723c751e8b465ee728b)
Start importing Assets/Sprites/Campfire_enemy/campfire_boom/campfire_boom_04.png using Guid(d729b9ea259517f479d5adeae4939f8c) Importer(815301076,1909f56bfc062723c751e8b465ee728b)  -> (artifact id: 'a17a3e5790d4d41f6766bbd3aa13a800') in 0.008123 seconds
  Import took 0.012136 seconds .

========================================================================
Received Import Request.
  Time since last request: 0.000218 seconds.
  path: Assets/Sprites/Campfire_enemy/campfire_boom/campfire_boom_12.png
  artifactKey: Guid(935d1af88c20ace46983ae26033bfe39) Importer(815301076,1909f56bfc062723c751e8b465ee728b)
Start importing Assets/Sprites/Campfire_enemy/campfire_boom/campfire_boom_12.png using Guid(935d1af88c20ace46983ae26033bfe39) Importer(815301076,1909f56bfc062723c751e8b465ee728b)  -> (artifact id: 'aac0f5118e6bca8db8853f1c538e6a3d') in 0.008743 seconds
  Import took 0.012223 seconds .

========================================================================
Received Import Request.
  Time since last request: 0.000233 seconds.
  path: Assets/Sprites/Campfire_enemy/campfire_boom/campfire_boom_08.png
  artifactKey: Guid(ebccefd35c916fa4184e7bb57d14f938) Importer(815301076,1909f56bfc062723c751e8b465ee728b)
Start importing Assets/Sprites/Campfire_enemy/campfire_boom/campfire_boom_08.png using Guid(ebccefd35c916fa4184e7bb57d14f938) Importer(815301076,1909f56bfc062723c751e8b465ee728b)  -> (artifact id: '7504fb8bd0d138c0bdea5d55413216bd') in 0.008441 seconds
  Import took 0.012112 seconds .

========================================================================
Received Import Request.
  Time since last request: 0.000208 seconds.
  path: Assets/Sprites/Campfire_enemy/campfire_boom/campfire_boom_14.png
  artifactKey: Guid(5f0407feab339da4d90841f20e604907) Importer(815301076,1909f56bfc062723c751e8b465ee728b)
Start importing Assets/Sprites/Campfire_enemy/campfire_boom/campfire_boom_14.png using Guid(5f0407feab339da4d90841f20e604907) Importer(815301076,1909f56bfc062723c751e8b465ee728b)  -> (artifact id: '3a01fd56022dafb0a916f83aa97e94ec') in 0.007606 seconds
  Import took 0.010908 seconds .

========================================================================
Received Import Request.
  Time since last request: 0.000230 seconds.
  path: Assets/Sprites/Campfire_enemy/campfire_boom/campfire_boom_16.png
  artifactKey: Guid(6e5d8ba94e3791d4abc418a72df479c8) Importer(815301076,1909f56bfc062723c751e8b465ee728b)
Start importing Assets/Sprites/Campfire_enemy/campfire_boom/campfire_boom_16.png using Guid(6e5d8ba94e3791d4abc418a72df479c8) Importer(815301076,1909f56bfc062723c751e8b465ee728b)  -> (artifact id: '255ee0d3ff932d8fb5bcf40cbd105a4a') in 0.007546 seconds
  Import took 0.010838 seconds .

========================================================================
Received Import Request.
  Time since last request: 0.000323 seconds.
  path: Assets/Sprites/Campfire_enemy/campfire_boom/campfire_boom_10.png
  artifactKey: Guid(99d83071f3f99c64288c391b900423d7) Importer(815301076,1909f56bfc062723c751e8b465ee728b)
Start importing Assets/Sprites/Campfire_enemy/campfire_boom/campfire_boom_10.png using Guid(99d83071f3f99c64288c391b900423d7) Importer(815301076,1909f56bfc062723c751e8b465ee728b)  -> (artifact id: '337fe642b77c478a116568df25345bc5') in 0.008647 seconds
  Import took 0.012056 seconds .

========================================================================
Received Import Request.
  Time since last request: 82.033200 seconds.
  path: Assets/Sprites/Campfire_enemy/campfire_boom/campfire_boom_22.png
  artifactKey: Guid(ecdb88d819e369b439dd6e9d1d95b15d) Importer(815301076,1909f56bfc062723c751e8b465ee728b)
Start importing Assets/Sprites/Campfire_enemy/campfire_boom/campfire_boom_22.png using Guid(ecdb88d819e369b439dd6e9d1d95b15d) Importer(815301076,1909f56bfc062723c751e8b465ee728b)  -> (artifact id: 'eab724d005c8eb72e5ede4246d8ac182') in 0.010754 seconds
  Import took 0.015914 seconds .

========================================================================
Received Import Request.
  Time since last request: 0.000194 seconds.
  path: Assets/Sprites/Campfire_enemy/campfire_boom/campfire_boom_24.png
  artifactKey: Guid(3d316cdcf4864804b8c4249ae060b133) Importer(815301076,1909f56bfc062723c751e8b465ee728b)
Start importing Assets/Sprites/Campfire_enemy/campfire_boom/campfire_boom_24.png using Guid(3d316cdcf4864804b8c4249ae060b133) Importer(815301076,1909f56bfc062723c751e8b465ee728b)  -> (artifact id: 'e7ed80273de387b8fafb2e886dce166b') in 0.008700 seconds
  Import took 0.012874 seconds .

========================================================================
Received Import Request.
  Time since last request: 0.015842 seconds.
  path: Assets/Sprites/Campfire_enemy/campfire_boom/campfire_boom_26.png
  artifactKey: Guid(7beb3fbef8186c6498a186f30f99bc44) Importer(815301076,1909f56bfc062723c751e8b465ee728b)
Start importing Assets/Sprites/Campfire_enemy/campfire_boom/campfire_boom_26.png using Guid(7beb3fbef8186c6498a186f30f99bc44) Importer(815301076,1909f56bfc062723c751e8b465ee728b)  -> (artifact id: 'ea8f8d10d23c614a121669ace047b1c8') in 0.007560 seconds
  Import took 0.011914 seconds .

========================================================================
Received Import Request.
  Time since last request: 0.000217 seconds.
  path: Assets/Sprites/Campfire_enemy/campfire_boom/campfire_boom_28.png
  artifactKey: Guid(f8fec1b7a5f58264bb8df477a4f8ee1d) Importer(815301076,1909f56bfc062723c751e8b465ee728b)
Start importing Assets/Sprites/Campfire_enemy/campfire_boom/campfire_boom_28.png using Guid(f8fec1b7a5f58264bb8df477a4f8ee1d) Importer(815301076,1909f56bfc062723c751e8b465ee728b)  -> (artifact id: '5dd0f8541fbe0e04b6e62aaf7ff0624b') in 0.008260 seconds
  Import took 0.012234 seconds .

========================================================================
Received Import Request.
  Time since last request: 0.100390 seconds.
  path: Assets/Sprites/Campfire_enemy/campfire_boom/campfire_boom_30.png
  artifactKey: Guid(e7f92233e8222844b9a5d9d6f4071e44) Importer(815301076,1909f56bfc062723c751e8b465ee728b)
Start importing Assets/Sprites/Campfire_enemy/campfire_boom/campfire_boom_30.png using Guid(e7f92233e8222844b9a5d9d6f4071e44) Importer(815301076,1909f56bfc062723c751e8b465ee728b)  -> (artifact id: '98cd6a9ffd3a5d16a8b57943ab9bec93') in 0.008724 seconds
  Import took 0.012857 seconds .

========================================================================
Received Import Request.
  Time since last request: 0.001102 seconds.
  path: Assets/Sprites/Campfire_enemy/campfire_boom/campfire_boom_30.png
  artifactKey: Guid(e7f92233e8222844b9a5d9d6f4071e44) Importer(815301076,1909f56bfc062723c751e8b465ee728b)
Start importing Assets/Sprites/Campfire_enemy/campfire_boom/campfire_boom_30.png using Guid(e7f92233e8222844b9a5d9d6f4071e44) Importer(815301076,1909f56bfc062723c751e8b465ee728b)  -> (artifact id: '98cd6a9ffd3a5d16a8b57943ab9bec93') in 0.007965 seconds
  Import took 0.011992 seconds .

========================================================================
Received Import Request.
  Time since last request: 129.211186 seconds.
  path: Assets/Sprites/Campfire_enemy/fire_hostile.controller
  artifactKey: Guid(6e8ccecd16a6c4b0095a2ef2cc928bdc) Importer(815301076,1909f56bfc062723c751e8b465ee728b)
Start importing Assets/Sprites/Campfire_enemy/fire_hostile.controller using Guid(6e8ccecd16a6c4b0095a2ef2cc928bdc) Importer(815301076,1909f56bfc062723c751e8b465ee728b)  -> (artifact id: '058b81b40d263da85b3bffd2060b8c29') in 0.004887 seconds
  Import took 0.012153 seconds .

========================================================================
Received Import Request.
  Time since last request: 39.879001 seconds.
  path: Assets/Sprites/Campfire_enemy/campfire_hostile/campfire_68.png
  artifactKey: Guid(00d9248e0cce34348a26a98e9ca672ea) Importer(815301076,1909f56bfc062723c751e8b465ee728b)
Start importing Assets/Sprites/Campfire_enemy/campfire_hostile/campfire_68.png using Guid(00d9248e0cce34348a26a98e9ca672ea) Importer(815301076,1909f56bfc062723c751e8b465ee728b)  -> (artifact id: '6f16a32d239f78075e861528b8e80fe1') in 0.008395 seconds
  Import took 0.013126 seconds .

========================================================================
Received Import Request.
  Time since last request: 0.008498 seconds.
  path: Assets/Sprites/Campfire_enemy/campfire_hostile/campfire_70.png
  artifactKey: Guid(f8e40943c807f5d41bb5c09d1b70e73f) Importer(815301076,1909f56bfc062723c751e8b465ee728b)
Start importing Assets/Sprites/Campfire_enemy/campfire_hostile/campfire_70.png using Guid(f8e40943c807f5d41bb5c09d1b70e73f) Importer(815301076,1909f56bfc062723c751e8b465ee728b)  -> (artifact id: 'c094377a70174b444eacb723c2a5b57e') in 0.008100 seconds
  Import took 0.012791 seconds .

========================================================================
Received Import Request.
  Time since last request: 0.000272 seconds.
  path: Assets/Sprites/Campfire_enemy/campfire_hostile/campfire_78.png
  artifactKey: Guid(8d5f69cff3ccaed47ae7a53f5a457ae4) Importer(815301076,1909f56bfc062723c751e8b465ee728b)
Start importing Assets/Sprites/Campfire_enemy/campfire_hostile/campfire_78.png using Guid(8d5f69cff3ccaed47ae7a53f5a457ae4) Importer(815301076,1909f56bfc062723c751e8b465ee728b)  -> (artifact id: '382382a9f90a0b84682c549423e2dab2') in 0.007920 seconds
  Import took 0.012112 seconds .

========================================================================
Received Import Request.
  Time since last request: 0.000299 seconds.
  path: Assets/Sprites/Campfire_enemy/campfire_hostile/campfire_74.png
  artifactKey: Guid(6f3c8d0973f947c44b47b8ee6482884f) Importer(815301076,1909f56bfc062723c751e8b465ee728b)
Start importing Assets/Sprites/Campfire_enemy/campfire_hostile/campfire_74.png using Guid(6f3c8d0973f947c44b47b8ee6482884f) Importer(815301076,1909f56bfc062723c751e8b465ee728b)  -> (artifact id: '881359e22bac359a6d8a381162299049') in 0.007775 seconds
  Import took 0.011962 seconds .

========================================================================
Received Import Request.
  Time since last request: 0.000374 seconds.
  path: Assets/Sprites/Campfire_enemy/campfire_hostile/campfire_72.png
  artifactKey: Guid(8b1bc2a8ab74d294b9811ae0e7c8a4c8) Importer(815301076,1909f56bfc062723c751e8b465ee728b)
Start importing Assets/Sprites/Campfire_enemy/campfire_hostile/campfire_72.png using Guid(8b1bc2a8ab74d294b9811ae0e7c8a4c8) Importer(815301076,1909f56bfc062723c751e8b465ee728b)  -> (artifact id: 'ddcf26592ecd1ac5a28819c50a5a8968') in 0.007653 seconds
  Import took 0.011775 seconds .

========================================================================
Received Import Request.
  Time since last request: 0.000206 seconds.
  path: Assets/Sprites/Campfire_enemy/campfire_hostile/campfire_76.png
  artifactKey: Guid(7040dab0326e721468963a0fdd450d58) Importer(815301076,1909f56bfc062723c751e8b465ee728b)
Start importing Assets/Sprites/Campfire_enemy/campfire_hostile/campfire_76.png using Guid(7040dab0326e721468963a0fdd450d58) Importer(815301076,1909f56bfc062723c751e8b465ee728b)  -> (artifact id: 'f6e1bc8d70af084b827fe328d794f318') in 0.007478 seconds
  Import took 0.011208 seconds .

========================================================================
Received Import Request.
  Time since last request: 0.000236 seconds.
  path: Assets/Sprites/Campfire_enemy/campfire_hostile/campfire_80.png
  artifactKey: Guid(255aaae5d59fbb740b8fd99a8b28ee25) Importer(815301076,1909f56bfc062723c751e8b465ee728b)
Start importing Assets/Sprites/Campfire_enemy/campfire_hostile/campfire_80.png using Guid(255aaae5d59fbb740b8fd99a8b28ee25) Importer(815301076,1909f56bfc062723c751e8b465ee728b)  -> (artifact id: '8584acbe87362b3341cad5678af8af4a') in 0.007220 seconds
  Import took 0.011068 seconds .

========================================================================
Received Import Request.
  Time since last request: 0.126604 seconds.
  path: Assets/Sprites/Campfire_enemy/campfire_hostile/campfire_66.png
  artifactKey: Guid(25dc5905ed822704ca931a26ddf82f54) Importer(815301076,1909f56bfc062723c751e8b465ee728b)
Start importing Assets/Sprites/Campfire_enemy/campfire_hostile/campfire_66.png using Guid(25dc5905ed822704ca931a26ddf82f54) Importer(815301076,1909f56bfc062723c751e8b465ee728b)  -> (artifact id: '629793596f20bfc7f9c7a19681ed1a00') in 0.006913 seconds
  Import took 0.011129 seconds .

========================================================================
Received Import Request.
  Time since last request: 0.010368 seconds.
  path: Assets/Sprites/Campfire_enemy/campfire_hostile/campfire_62.png
  artifactKey: Guid(cb9325be8d6918e47b157bc65873b816) Importer(815301076,1909f56bfc062723c751e8b465ee728b)
Start importing Assets/Sprites/Campfire_enemy/campfire_hostile/campfire_62.png using Guid(cb9325be8d6918e47b157bc65873b816) Importer(815301076,1909f56bfc062723c751e8b465ee728b)  -> (artifact id: '9eb53c4b87643acd490c3b11027275bd') in 0.006910 seconds
  Import took 0.011069 seconds .

========================================================================
Received Import Request.
  Time since last request: 0.000199 seconds.
  path: Assets/Sprites/Campfire_enemy/campfire_hostile/campfire_64.png
  artifactKey: Guid(87bb121f86e81fc42a3840a35f281256) Importer(815301076,1909f56bfc062723c751e8b465ee728b)
Start importing Assets/Sprites/Campfire_enemy/campfire_hostile/campfire_64.png using Guid(87bb121f86e81fc42a3840a35f281256) Importer(815301076,1909f56bfc062723c751e8b465ee728b)  -> (artifact id: 'be7649137724839b649e0ddba7a704c8') in 0.006290 seconds
  Import took 0.009684 seconds .

========================================================================
Received Import Request.
  Time since last request: 0.057479 seconds.
  path: Assets/Sprites/Campfire_enemy/campfire_hostile/campfire_58.png
  artifactKey: Guid(e073a3c6f51b3c642b2f7d9dd85472e5) Importer(815301076,1909f56bfc062723c751e8b465ee728b)
Start importing Assets/Sprites/Campfire_enemy/campfire_hostile/campfire_58.png using Guid(e073a3c6f51b3c642b2f7d9dd85472e5) Importer(815301076,1909f56bfc062723c751e8b465ee728b)  -> (artifact id: 'c146b4753d292de82fd11bd1ebe5ae0a') in 0.007471 seconds
  Import took 0.011864 seconds .

========================================================================
Received Import Request.
  Time since last request: 0.000221 seconds.
  path: Assets/Sprites/Campfire_enemy/campfire_hostile/campfire_60.png
  artifactKey: Guid(5913a2b3705de2646ad7f195a3a52d36) Importer(815301076,1909f56bfc062723c751e8b465ee728b)
Start importing Assets/Sprites/Campfire_enemy/campfire_hostile/campfire_60.png using Guid(5913a2b3705de2646ad7f195a3a52d36) Importer(815301076,1909f56bfc062723c751e8b465ee728b)  -> (artifact id: 'd460eca3063f67498e431ccdf1e3ff08') in 0.006482 seconds
  Import took 0.009872 seconds .

========================================================================
Received Import Request.
  Time since last request: 0.060954 seconds.
  path: Assets/Sprites/Campfire_enemy/campfire_hostile/campfire_42.png
  artifactKey: Guid(6e307c9029333e24cb04992ec0b78970) Importer(815301076,1909f56bfc062723c751e8b465ee728b)
Start importing Assets/Sprites/Campfire_enemy/campfire_hostile/campfire_42.png using Guid(6e307c9029333e24cb04992ec0b78970) Importer(815301076,1909f56bfc062723c751e8b465ee728b)  -> (artifact id: 'f879febd09ff7c5362c5d659201ea61e') in 0.007036 seconds
  Import took 0.011394 seconds .

========================================================================
Received Import Request.
  Time since last request: 0.000217 seconds.
  path: Assets/Sprites/Campfire_enemy/campfire_hostile/campfire_50.png
  artifactKey: Guid(edf9074e1eeb970468bda14d7bdea269) Importer(815301076,1909f56bfc062723c751e8b465ee728b)
Start importing Assets/Sprites/Campfire_enemy/campfire_hostile/campfire_50.png using Guid(edf9074e1eeb970468bda14d7bdea269) Importer(815301076,1909f56bfc062723c751e8b465ee728b)  -> (artifact id: 'c3288038c4eb2be2275c44e8ffaae561') in 0.007203 seconds
  Import took 0.010858 seconds .

========================================================================
Received Import Request.
  Time since last request: 0.000248 seconds.
  path: Assets/Sprites/Campfire_enemy/campfire_hostile/campfire_44.png
  artifactKey: Guid(88dd0d2119086f241a2b2f3ea0082ba9) Importer(815301076,1909f56bfc062723c751e8b465ee728b)
Start importing Assets/Sprites/Campfire_enemy/campfire_hostile/campfire_44.png using Guid(88dd0d2119086f241a2b2f3ea0082ba9) Importer(815301076,1909f56bfc062723c751e8b465ee728b)  -> (artifact id: '7822f2ebe489e4f84e4e63d0c0cef866') in 0.006891 seconds
  Import took 0.010485 seconds .

========================================================================
Received Import Request.
  Time since last request: 0.000264 seconds.
  path: Assets/Sprites/Campfire_enemy/campfire_hostile/campfire_54.png
  artifactKey: Guid(47205d77445f6164db3735eabbc5c500) Importer(815301076,1909f56bfc062723c751e8b465ee728b)
Start importing Assets/Sprites/Campfire_enemy/campfire_hostile/campfire_54.png using Guid(47205d77445f6164db3735eabbc5c500) Importer(815301076,1909f56bfc062723c751e8b465ee728b)  -> (artifact id: '2b9a79745de1ce1457fccfee7790784e') in 0.007077 seconds
  Import took 0.010641 seconds .

========================================================================
Received Import Request.
  Time since last request: 0.000269 seconds.
  path: Assets/Sprites/Campfire_enemy/campfire_hostile/campfire_46.png
  artifactKey: Guid(b38cd240a9a79744fa7453706d3bffbc) Importer(815301076,1909f56bfc062723c751e8b465ee728b)
Start importing Assets/Sprites/Campfire_enemy/campfire_hostile/campfire_46.png using Guid(b38cd240a9a79744fa7453706d3bffbc) Importer(815301076,1909f56bfc062723c751e8b465ee728b)  -> (artifact id: 'fdbd2b6369b40fc1540b826b347eebd3') in 0.006516 seconds
  Import took 0.010172 seconds .

========================================================================
Received Import Request.
  Time since last request: 0.000246 seconds.
  path: Assets/Sprites/Campfire_enemy/campfire_hostile/campfire_48.png
  artifactKey: Guid(1b87129c2601ea240b16872f589e8903) Importer(815301076,1909f56bfc062723c751e8b465ee728b)
Start importing Assets/Sprites/Campfire_enemy/campfire_hostile/campfire_48.png using Guid(1b87129c2601ea240b16872f589e8903) Importer(815301076,1909f56bfc062723c751e8b465ee728b)  -> (artifact id: '81ebec697869445e937a25b9ce32c351') in 0.006765 seconds
  Import took 0.010473 seconds .

========================================================================
Received Import Request.
  Time since last request: 0.000246 seconds.
  path: Assets/Sprites/Campfire_enemy/campfire_hostile/campfire_52.png
  artifactKey: Guid(7588404439869224b836dfec554e95b1) Importer(815301076,1909f56bfc062723c751e8b465ee728b)
Start importing Assets/Sprites/Campfire_enemy/campfire_hostile/campfire_52.png using Guid(7588404439869224b836dfec554e95b1) Importer(815301076,1909f56bfc062723c751e8b465ee728b)  -> (artifact id: '4290809e597d8b04573631eca93d663c') in 0.008030 seconds
  Import took 0.012299 seconds .

========================================================================
Received Import Request.
  Time since last request: 0.000259 seconds.
  path: Assets/Sprites/Campfire_enemy/campfire_hostile/campfire_56.png
  artifactKey: Guid(988f805cf15d47b4590ff354c62aaa06) Importer(815301076,1909f56bfc062723c751e8b465ee728b)
Start importing Assets/Sprites/Campfire_enemy/campfire_hostile/campfire_56.png using Guid(988f805cf15d47b4590ff354c62aaa06) Importer(815301076,1909f56bfc062723c751e8b465ee728b)  -> (artifact id: '6f91a720c2715310f2ce4e45e3ef9682') in 0.007012 seconds
  Import took 0.010787 seconds .

